# JRE version: Java(TM) SE Runtime Environment (8.0_51-b16) (build 1.8.0_51-b16)
# Java VM: Java HotSpot(TM) 64-Bit Server VM (25.51-b03 mixed mode windows-amd64 compressed oops)
Heap:
 PSYoungGen      total 111616K, used 82129K [0x00000000f5580000, 0x0000000100000000, 0x0000000100000000)
  eden space 80384K, 63% used [0x00000000f5580000,0x00000000f87b30b0,0x00000000fa400000)
  from space 31232K, 98% used [0x00000000fa400000,0x00000000fc201358,0x00000000fc280000)
  to   space 48640K, 0% used [0x00000000fd080000,0x00000000fd080000,0x0000000100000000)
 ParOldGen       total 215552K, used 163830K [0x00000000e0000000, 0x00000000ed280000, 0x00000000f5580000)
  object space 215552K, 76% used [0x00000000e0000000,0x00000000e9ffd870,0x00000000ed280000)
 Metaspace       used 30988K, capacity 31790K, committed 32128K, reserved 1077248K
  class space    used 3160K, capacity 3337K, committed 3456K, reserved 1048576K
GC Heap History (10 events):
Event: 29.157 GC heap before
{Heap before GC invocations=40 (full 3):
 PSYoungGen      total 132096K, used 115585K [0x00000000f5580000, 0x00000000ffb00000, 0x0000000100000000)
  eden space 95744K, 100% used [0x00000000f5580000,0x00000000fb300000,0x00000000fb300000)
  from space 36352K, 54% used [0x00000000fd700000,0x00000000fea60588,0x00000000ffa80000)
  to   space 36864K, 0% used [0x00000000fb300000,0x00000000fb300000,0x00000000fd700000)
 ParOldGen       total 215552K, used 161234K [0x00000000e0000000, 0x00000000ed280000, 0x00000000f5580000)
  object space 215552K, 74% used [0x00000000e0000000,0x00000000e9d74860,0x00000000ed280000)
 Metaspace       used 29050K, capacity 29776K, committed 30080K, reserved 1077248K
  class space    used 2937K, capacity 3108K, committed 3200K, reserved 1048576K
Event: 29.208 GC heap after
Heap after GC invocations=40 (full 3):
 PSYoungGen      total 132608K, used 25682K [0x00000000f5580000, 0x0000000100000000, 0x0000000100000000)
  eden space 95744K, 0% used [0x00000000f5580000,0x00000000f5580000,0x00000000fb300000)
  from space 36864K, 69% used [0x00000000fb300000,0x00000000fcc14810,0x00000000fd700000)
  to   space 38912K, 0% used [0x00000000fda00000,0x00000000fda00000,0x0000000100000000)
 ParOldGen       total 215552K, used 161242K [0x00000000e0000000, 0x00000000ed280000, 0x00000000f5580000)
  object space 215552K, 74% used [0x00000000e0000000,0x00000000e9d76860,0x00000000ed280000)
 Metaspace       used 29050K, capacity 29776K, committed 30080K, reserved 1077248K
  class space    used 2937K, capacity 3108K, committed 3200K, reserved 1048576K
}
Event: 30.212 GC heap before
{Heap before GC invocations=41 (full 3):
 PSYoungGen      total 132608K, used 121426K [0x00000000f5580000, 0x0000000100000000, 0x0000000100000000)
  eden space 95744K, 100% used [0x00000000f5580000,0x00000000fb300000,0x00000000fb300000)
  from space 36864K, 69% used [0x00000000fb300000,0x00000000fcc14810,0x00000000fd700000)
  to   space 38912K, 0% used [0x00000000fda00000,0x00000000fda00000,0x0000000100000000)
 ParOldGen       total 215552K, used 161242K [0x00000000e0000000, 0x00000000ed280000, 0x00000000f5580000)
  object space 215552K, 74% used [0x00000000e0000000,0x00000000e9d76860,0x00000000ed280000)
 Metaspace       used 29209K, capacity 29974K, committed 30336K, reserved 1077248K
  class space    used 2945K, capacity 3109K, committed 3200K, reserved 1048576K
Event: 30.265 GC heap after
Heap after GC invocations=41 (full 3):
 PSYoungGen      total 131584K, used 27497K [0x00000000f5580000, 0x0000000100000000, 0x0000000100000000)
  eden space 92672K, 0% used [0x00000000f5580000,0x00000000f5580000,0x00000000fb000000)
  from space 38912K, 70% used [0x00000000fda00000,0x00000000ff4da560,0x0000000100000000)
  to   space 40960K, 0% used [0x00000000fb000000,0x00000000fb000000,0x00000000fd800000)
 ParOldGen       total 215552K, used 161250K [0x00000000e0000000, 0x00000000ed280000, 0x00000000f5580000)
  object space 215552K, 74% used [0x00000000e0000000,0x00000000e9d78860,0x00000000ed280000)
 Metaspace       used 29209K, capacity 29974K, committed 30336K, reserved 1077248K
  class space    used 2945K, capacity 3109K, committed 3200K, reserved 1048576K
}
Event: 31.335 GC heap before
{Heap before GC invocations=42 (full 3):
 PSYoungGen      total 131584K, used 120169K [0x00000000f5580000, 0x0000000100000000, 0x0000000100000000)
  eden space 92672K, 100% used [0x00000000f5580000,0x00000000fb000000,0x00000000fb000000)
  from space 38912K, 70% used [0x00000000fda00000,0x00000000ff4da560,0x0000000100000000)
  to   space 40960K, 0% used [0x00000000fb000000,0x00000000fb000000,0x00000000fd800000)
 ParOldGen       total 215552K, used 161250K [0x00000000e0000000, 0x00000000ed280000, 0x00000000f5580000)
  object space 215552K, 74% used [0x00000000e0000000,0x00000000e9d78860,0x00000000ed280000)
 Metaspace       used 29646K, capacity 30394K, committed 30592K, reserved 1077248K
  class space    used 2997K, capacity 3179K, committed 3200K, reserved 1048576K
Event: 31.374 GC heap after
Heap after GC invocations=42 (full 3):
 PSYoungGen      total 129024K, used 35943K [0x00000000f5580000, 0x0000000100000000, 0x0000000100000000)
  eden space 92672K, 0% used [0x00000000f5580000,0x00000000f5580000,0x00000000fb000000)
  from space 36352K, 98% used [0x00000000fb000000,0x00000000fd319db0,0x00000000fd380000)
  to   space 45568K, 0% used [0x00000000fd380000,0x00000000fd380000,0x0000000100000000)
 ParOldGen       total 215552K, used 161554K [0x00000000e0000000, 0x00000000ed280000, 0x00000000f5580000)
  object space 215552K, 74% used [0x00000000e0000000,0x00000000e9dc4860,0x00000000ed280000)
 Metaspace       used 29646K, capacity 30394K, committed 30592K, reserved 1077248K
  class space    used 2997K, capacity 3179K, committed 3200K, reserved 1048576K
}
Event: 32.622 GC heap before
{Heap before GC invocations=43 (full 3):
 PSYoungGen      total 129024K, used 128615K [0x00000000f5580000, 0x0000000100000000, 0x0000000100000000)
  eden space 92672K, 100% used [0x00000000f5580000,0x00000000fb000000,0x00000000fb000000)
  from space 36352K, 98% used [0x00000000fb000000,0x00000000fd319db0,0x00000000fd380000)
  to   space 45568K, 0% used [0x00000000fd380000,0x00000000fd380000,0x0000000100000000)
 ParOldGen       total 215552K, used 161554K [0x00000000e0000000, 0x00000000ed280000, 0x00000000f5580000)
  object space 215552K, 74% used [0x00000000e0000000,0x00000000e9dc4860,0x00000000ed280000)
 Metaspace       used 30398K, capacity 31150K, committed 31232K, reserved 1077248K
  class space    used 3085K, capacity 3273K, committed 3328K, reserved 1048576K
Event: 32.720 GC heap after
Heap after GC invocations=43 (full 3):
 PSYoungGen      total 125952K, used 29416K [0x00000000f5580000, 0x0000000100000000, 0x0000000100000000)
  eden space 80384K, 0% used [0x00000000f5580000,0x00000000f5580000,0x00000000fa400000)
  from space 45568K, 64% used [0x00000000fd380000,0x00000000ff03a130,0x0000000100000000)
  to   space 47104K, 0% used [0x00000000fa400000,0x00000000fa400000,0x00000000fd200000)
 ParOldGen       total 215552K, used 163046K [0x00000000e0000000, 0x00000000ed280000, 0x00000000f5580000)
  object space 215552K, 75% used [0x00000000e0000000,0x00000000e9f39870,0x00000000ed280000)
 Metaspace       used 30398K, capacity 31150K, committed 31232K, reserved 1077248K
  class space    used 3085K, capacity 3273K, committed 3328K, reserved 1048576K
}
Event: 35.734 GC heap before
{Heap before GC invocations=44 (full 3):
 PSYoungGen      total 125952K, used 109800K [0x00000000f5580000, 0x0000000100000000, 0x0000000100000000)
  eden space 80384K, 100% used [0x00000000f5580000,0x00000000fa400000,0x00000000fa400000)
  from space 45568K, 64% used [0x00000000fd380000,0x00000000ff03a130,0x0000000100000000)
  to   space 47104K, 0% used [0x00000000fa400000,0x00000000fa400000,0x00000000fd200000)
 ParOldGen       total 215552K, used 163046K [0x00000000e0000000, 0x00000000ed280000, 0x00000000f5580000)
  object space 215552K, 75% used [0x00000000e0000000,0x00000000e9f39870,0x00000000ed280000)
 Metaspace       used 30974K, capacity 31790K, committed 32128K, reserved 1077248K
  class space    used 3160K, capacity 3337K, committed 3456K, reserved 1048576K
Event: 35.848 GC heap after
Heap after GC invocations=44 (full 3):
 PSYoungGen      total 111616K, used 30724K [0x00000000f5580000, 0x0000000100000000, 0x0000000100000000)
  eden space 80384K, 0% used [0x00000000f5580000,0x00000000f5580000,0x00000000fa400000)
  from space 31232K, 98% used [0x00000000fa400000,0x00000000fc201358,0x00000000fc280000)
  to   space 48640K, 0% used [0x00000000fd080000,0x00000000fd080000,0x0000000100000000)
 ParOldGen       total 215552K, used 163830K [0x00000000e0000000, 0x00000000ed280000, 0x00000000f5580000)
  object space 215552K, 76% used [0x00000000e0000000,0x00000000e9ffd870,0x00000000ed280000)
 Metaspace       used 30974K, capacity 31790K, committed 32128K, reserved 1077248K
  class space    used 3160K, capacity 3337K, committed 3456K, reserved 1048576K
}

